<?xml version="1.0" encoding="UTF-8"?>
<!-- Generated by org.testng.reporters.JUnitXMLReporter -->
<testsuite hostname="Farjanas-MacBook-Pro.local" ignored="0" name="Nopackage" tests="2" failures="0" timestamp="26 Sep 2021 16:45:53 GMT" time="17.225" errors="0">
  <testcase name="runScenario" time="8.726" classname="io.cucumber.testng.AbstractTestNGCucumberTests"/>
  <testcase name="runScenario" time="7.972" classname="io.cucumber.testng.AbstractTestNGCucumberTests"/>
</testsuite> <!-- Nopackage -->
